c:\users\michael\documents\visual studio 2010\projects\platformer\platformer\release\main.obj
c:\users\michael\documents\visual studio 2010\projects\platformer\platformer\release\core.obj
c:\users\michael\documents\visual studio 2010\projects\platformer\platformer\release\tile.obj
c:\users\michael\documents\visual studio 2010\projects\platformer\platformer\release\renderer.obj
c:\users\michael\documents\visual studio 2010\projects\platformer\platformer\release\movecontroller.obj
c:\users\michael\documents\visual studio 2010\projects\platformer\platformer\release\level.obj
c:\users\michael\documents\visual studio 2010\projects\platformer\platformer\release\inputcontroller.obj
c:\users\michael\documents\visual studio 2010\projects\platformer\platformer\release\entity.obj
c:\users\michael\documents\visual studio 2010\projects\platformer\platformer\release\displacementcontroller.obj
c:\users\michael\documents\visual studio 2010\projects\platformer\platformer\release\coreutils.obj
c:\users\michael\documents\visual studio 2010\projects\platformer\platformer\release\rendercontroller.obj
c:\users\michael\documents\visual studio 2010\projects\platformer\platformer\release\vc100.pdb
c:\users\michael\documents\visual studio 2010\projects\platformer\release\platformer.exe
c:\users\michael\documents\visual studio 2010\projects\platformer\platformer\release\platformer.exe.intermediate.manifest
c:\users\michael\documents\visual studio 2010\projects\platformer\release\platformer.pdb
c:\users\michael\documents\visual studio 2013\projects\platformer\platformer\release\vc120.pdb
c:\users\michael\documents\visual studio 2013\projects\platformer\platformer\release\tile.obj
c:\users\michael\documents\visual studio 2013\projects\platformer\platformer\release\renderer.obj
c:\users\michael\documents\visual studio 2013\projects\platformer\platformer\release\rendercontroller.obj
c:\users\michael\documents\visual studio 2013\projects\platformer\platformer\release\movecontroller.obj
c:\users\michael\documents\visual studio 2013\projects\platformer\platformer\release\main.obj
c:\users\michael\documents\visual studio 2013\projects\platformer\platformer\release\level.obj
c:\users\michael\documents\visual studio 2013\projects\platformer\platformer\release\inputcontroller.obj
c:\users\michael\documents\visual studio 2013\projects\platformer\platformer\release\core.obj
c:\users\michael\documents\visual studio 2013\projects\platformer\platformer\release\entity.obj
c:\users\michael\documents\visual studio 2013\projects\platformer\platformer\release\displacementcontroller.obj
c:\users\michael\documents\visual studio 2013\projects\platformer\platformer\release\coreutils.obj
c:\users\michael\documents\visual studio 2013\projects\platformer\platformer\release\platformer.vcxprojresolveassemblyreference.cache
c:\users\michael\documents\visual studio 2013\projects\platformer\platformer\release\cl.command.1.tlog
c:\users\michael\documents\visual studio 2013\projects\platformer\platformer\release\cl.read.1.tlog
c:\users\michael\documents\visual studio 2013\projects\platformer\platformer\release\cl.write.1.tlog
c:\users\michael\documents\visual studio 2013\projects\platformer\platformer\release\link.command.1.tlog
c:\users\michael\documents\visual studio 2013\projects\platformer\platformer\release\link.read.1.tlog
c:\users\michael\documents\visual studio 2013\projects\platformer\platformer\release\link.write.1.tlog
c:\users\michael\documents\visual studio 2013\projects\platformer\platformer\release\mt.command.1.tlog
c:\users\michael\documents\visual studio 2013\projects\platformer\platformer\release\mt.read.1.tlog
c:\users\michael\documents\visual studio 2013\projects\platformer\platformer\release\mt.write.1.tlog
c:\users\michael\documents\visual studio 2013\projects\platformer\platformer\release\platformer.write.1.tlog
c:\users\michael\documents\visual studio 2013\projects\platformer\platformer\release\platformer.exe.intermediate.manifest
c:\users\michael\documents\visual studio 2013\projects\platformer\platformer\release\vc100.pdb
c:\users\michael\documents\visual studio 2013\projects\platformer\release\platformer.pdb
c:\users\michael\documents\visual studio 2013\projects\platformer\platformer\release\platformer.tlog\cl.command.1.tlog
c:\users\michael\documents\visual studio 2013\projects\platformer\platformer\release\platformer.tlog\cl.read.1.tlog
c:\users\michael\documents\visual studio 2013\projects\platformer\platformer\release\platformer.tlog\cl.write.1.tlog
c:\users\michael\documents\visual studio 2013\projects\platformer\platformer\release\platformer.tlog\link-cvtres.read.1.tlog
c:\users\michael\documents\visual studio 2013\projects\platformer\platformer\release\platformer.tlog\link-cvtres.write.1.tlog
c:\users\michael\documents\visual studio 2013\projects\platformer\platformer\release\platformer.tlog\link-rc.read.1.tlog
c:\users\michael\documents\visual studio 2013\projects\platformer\platformer\release\platformer.tlog\link-rc.write.1.tlog
c:\users\michael\documents\visual studio 2013\projects\platformer\platformer\release\platformer.tlog\link.command.1.tlog
c:\users\michael\documents\visual studio 2013\projects\platformer\platformer\release\platformer.tlog\link.read.1.tlog
c:\users\michael\documents\visual studio 2013\projects\platformer\platformer\release\platformer.tlog\link.write.1.tlog
