c:\users\michael\documents\visual studio 2013\projects\platformer\platformer\debug\vc120.pdb
c:\users\michael\documents\visual studio 2013\projects\platformer\platformer\debug\vc120.idb
c:\users\michael\documents\visual studio 2013\projects\platformer\platformer\debug\coreutils.obj
c:\users\michael\documents\visual studio 2013\projects\platformer\platformer\debug\displacementcontroller.obj
c:\users\michael\documents\visual studio 2013\projects\platformer\platformer\debug\entity.obj
c:\users\michael\documents\visual studio 2013\projects\platformer\platformer\debug\core.obj
c:\users\michael\documents\visual studio 2013\projects\platformer\platformer\debug\inputcontroller.obj
c:\users\michael\documents\visual studio 2013\projects\platformer\platformer\debug\main.obj
c:\users\michael\documents\visual studio 2013\projects\platformer\platformer\debug\movecontroller.obj
c:\users\michael\documents\visual studio 2013\projects\platformer\platformer\debug\rendercontroller.obj
c:\users\michael\documents\visual studio 2013\projects\platformer\platformer\debug\renderer.obj
c:\users\michael\documents\visual studio 2013\projects\platformer\platformer\debug\tile.obj
c:\users\michael\documents\visual studio 2013\projects\platformer\platformer\debug\debugshape.obj
c:\users\michael\documents\visual studio 2013\projects\platformer\platformer\debug\maplayer.obj
c:\users\michael\documents\visual studio 2013\projects\platformer\platformer\debug\maploaderprivate.obj
c:\users\michael\documents\visual studio 2013\projects\platformer\platformer\debug\maploaderpublic.obj
c:\users\michael\documents\visual studio 2013\projects\platformer\platformer\debug\mapobject.obj
c:\users\michael\documents\visual studio 2013\projects\platformer\platformer\debug\quadtreenode.obj
c:\users\michael\documents\visual studio 2013\projects\platformer\platformer\debug\pugixml.obj
c:\users\michael\documents\visual studio 2013\projects\platformer\platformer\debug\level.obj
c:\users\michael\documents\visual studio 2013\projects\platformer\platformer\debug\image.obj
c:\users\michael\documents\visual studio 2013\projects\platformer\platformer\debug\imagelayer.obj
c:\users\michael\documents\visual studio 2013\projects\platformer\platformer\debug\layer.obj
c:\users\michael\documents\visual studio 2013\projects\platformer\platformer\debug\objectgroup.obj
c:\users\michael\documents\visual studio 2013\projects\platformer\platformer\debug\properties.obj
c:\users\michael\documents\visual studio 2013\projects\platformer\platformer\debug\tileset.obj
c:\users\michael\documents\visual studio 2013\projects\platformer\platformer\debug\base64.obj
c:\users\michael\documents\visual studio 2013\projects\platformer\platformer\debug\parser.obj
c:\users\michael\documents\visual studio 2013\projects\platformer\platformer\debug\tilemap.obj
c:\users\michael\documents\visual studio 2013\projects\platformer\debug\platformer.ilk
c:\users\michael\documents\visual studio 2013\projects\platformer\debug\platformer.exe
c:\users\michael\documents\visual studio 2013\projects\platformer\debug\platformer.pdb
c:\users\michael\documents\visual studio 2013\projects\platformer\platformer\debug\platformer.tlog\cl.command.1.tlog
c:\users\michael\documents\visual studio 2013\projects\platformer\platformer\debug\platformer.tlog\cl.read.1.tlog
c:\users\michael\documents\visual studio 2013\projects\platformer\platformer\debug\platformer.tlog\cl.write.1.tlog
c:\users\michael\documents\visual studio 2013\projects\platformer\platformer\debug\platformer.tlog\link-cvtres.read.1.tlog
c:\users\michael\documents\visual studio 2013\projects\platformer\platformer\debug\platformer.tlog\link-cvtres.write.1.tlog
c:\users\michael\documents\visual studio 2013\projects\platformer\platformer\debug\platformer.tlog\link-rc.read.1.tlog
c:\users\michael\documents\visual studio 2013\projects\platformer\platformer\debug\platformer.tlog\link-rc.write.1.tlog
c:\users\michael\documents\visual studio 2013\projects\platformer\platformer\debug\platformer.tlog\link.4952-cvtres.read.1.tlog
c:\users\michael\documents\visual studio 2013\projects\platformer\platformer\debug\platformer.tlog\link.4952-cvtres.write.1.tlog
c:\users\michael\documents\visual studio 2013\projects\platformer\platformer\debug\platformer.tlog\link.4952-rc.read.1.tlog
c:\users\michael\documents\visual studio 2013\projects\platformer\platformer\debug\platformer.tlog\link.4952-rc.write.1.tlog
c:\users\michael\documents\visual studio 2013\projects\platformer\platformer\debug\platformer.tlog\link.4952.read.1.tlog
c:\users\michael\documents\visual studio 2013\projects\platformer\platformer\debug\platformer.tlog\link.4952.write.1.tlog
c:\users\michael\documents\visual studio 2013\projects\platformer\platformer\debug\platformer.tlog\link.command.1.tlog
c:\users\michael\documents\visual studio 2013\projects\platformer\platformer\debug\platformer.tlog\link.read.1.tlog
c:\users\michael\documents\visual studio 2013\projects\platformer\platformer\debug\platformer.tlog\link.write.1.tlog
